# JRE version: OpenJDK Runtime Environment (8.0_152-b01) (build 1.8.0_152-release-915-b01)
# Java VM: OpenJDK 64-Bit Server VM (25.152-b01 mixed mode linux-amd64 compressed oops)
Heap:
 PSYoungGen      total 480768K, used 5577K [0x00000000e0000000, 0x0000000100000000, 0x0000000100000000)
  eden space 451584K, 0% used [0x00000000e0000000,0x00000000e0000000,0x00000000fb900000)
  from space 29184K, 19% used [0x00000000fe100000,0x00000000fe6725c8,0x00000000ffd80000)
  to   space 36352K, 0% used [0x00000000fb900000,0x00000000fb900000,0x00000000fdc80000)
 ParOldGen       total 158208K, used 158125K [0x00000000a0000000, 0x00000000a9a80000, 0x00000000e0000000)
  object space 158208K, 99% used [0x00000000a0000000,0x00000000a9a6b690,0x00000000a9a80000)
 Metaspace       used 82293K, capacity 86702K, committed 87512K, reserved 1126400K
  class space    used 10307K, capacity 11388K, committed 11520K, reserved 1048576K
GC Heap History (10 events):
Event: 515.254 GC heap after
Heap after GC invocations=32 (full 4):
 PSYoungGen      total 486400K, used 6496K [0x00000000e0000000, 0x00000000ffc80000, 0x0000000100000000)
  eden space 452096K, 0% used [0x00000000e0000000,0x00000000e0000000,0x00000000fb980000)
  from space 34304K, 18% used [0x00000000fda00000,0x00000000fe058080,0x00000000ffb80000)
  to   space 33280K, 0% used [0x00000000fb980000,0x00000000fb980000,0x00000000fda00000)
 ParOldGen       total 158208K, used 128914K [0x00000000a0000000, 0x00000000a9a80000, 0x00000000e0000000)
  object space 158208K, 81% used [0x00000000a0000000,0x00000000a7de49b8,0x00000000a9a80000)
 Metaspace       used 82687K, capacity 87178K, committed 87256K, reserved 1124352K
  class space    used 10365K, capacity 11481K, committed 11520K, reserved 1048576K
}
Event: 516.349 GC heap before
{Heap before GC invocations=33 (full 4):
 PSYoungGen      total 486400K, used 458592K [0x00000000e0000000, 0x00000000ffc80000, 0x0000000100000000)
  eden space 452096K, 100% used [0x00000000e0000000,0x00000000fb980000,0x00000000fb980000)
  from space 34304K, 18% used [0x00000000fda00000,0x00000000fe058080,0x00000000ffb80000)
  to   space 33280K, 0% used [0x00000000fb980000,0x00000000fb980000,0x00000000fda00000)
 ParOldGen       total 158208K, used 128914K [0x00000000a0000000, 0x00000000a9a80000, 0x00000000e0000000)
  object space 158208K, 81% used [0x00000000a0000000,0x00000000a7de49b8,0x00000000a9a80000)
 Metaspace       used 82695K, capacity 87178K, committed 87256K, reserved 1124352K
  class space    used 10365K, capacity 11481K, committed 11520K, reserved 1048576K
Event: 516.388 GC heap after
Heap after GC invocations=33 (full 4):
 PSYoungGen      total 485376K, used 9600K [0x00000000e0000000, 0x00000000ffb00000, 0x0000000100000000)
  eden space 452096K, 0% used [0x00000000e0000000,0x00000000e0000000,0x00000000fb980000)
  from space 33280K, 28% used [0x00000000fb980000,0x00000000fc2e0080,0x00000000fda00000)
  to   space 31232K, 0% used [0x00000000fdc80000,0x00000000fdc80000,0x00000000ffb00000)
 ParOldGen       total 158208K, used 133330K [0x00000000a0000000, 0x00000000a9a80000, 0x00000000e0000000)
  object space 158208K, 84% used [0x00000000a0000000,0x00000000a82349c8,0x00000000a9a80000)
 Metaspace       used 82695K, capacity 87178K, committed 87256K, reserved 1124352K
  class space    used 10365K, capacity 11481K, committed 11520K, reserved 1048576K
}
Event: 517.628 GC heap before
{Heap before GC invocations=34 (full 4):
 PSYoungGen      total 485376K, used 461696K [0x00000000e0000000, 0x00000000ffb00000, 0x0000000100000000)
  eden space 452096K, 100% used [0x00000000e0000000,0x00000000fb980000,0x00000000fb980000)
  from space 33280K, 28% used [0x00000000fb980000,0x00000000fc2e0080,0x00000000fda00000)
  to   space 31232K, 0% used [0x00000000fdc80000,0x00000000fdc80000,0x00000000ffb00000)
 ParOldGen       total 158208K, used 133330K [0x00000000a0000000, 0x00000000a9a80000, 0x00000000e0000000)
  object space 158208K, 84% used [0x00000000a0000000,0x00000000a82349c8,0x00000000a9a80000)
 Metaspace       used 82702K, capacity 87178K, committed 87256K, reserved 1124352K
  class space    used 10366K, capacity 11481K, committed 11520K, reserved 1048576K
Event: 517.665 GC heap after
Heap after GC invocations=34 (full 4):
 PSYoungGen      total 489472K, used 8848K [0x00000000e0000000, 0x00000000ffb00000, 0x0000000100000000)
  eden space 458240K, 0% used [0x00000000e0000000,0x00000000e0000000,0x00000000fbf80000)
  from space 31232K, 28% used [0x00000000fdc80000,0x00000000fe5240b0,0x00000000ffb00000)
  to   space 29696K, 0% used [0x00000000fbf80000,0x00000000fbf80000,0x00000000fdc80000)
 ParOldGen       total 158208K, used 137986K [0x00000000a0000000, 0x00000000a9a80000, 0x00000000e0000000)
  object space 158208K, 87% used [0x00000000a0000000,0x00000000a86c09c8,0x00000000a9a80000)
 Metaspace       used 82702K, capacity 87178K, committed 87256K, reserved 1124352K
  class space    used 10366K, capacity 11481K, committed 11520K, reserved 1048576K
}
Event: 518.906 GC heap before
{Heap before GC invocations=35 (full 4):
 PSYoungGen      total 489472K, used 467088K [0x00000000e0000000, 0x00000000ffb00000, 0x0000000100000000)
  eden space 458240K, 100% used [0x00000000e0000000,0x00000000fbf80000,0x00000000fbf80000)
  from space 31232K, 28% used [0x00000000fdc80000,0x00000000fe5240b0,0x00000000ffb00000)
  to   space 29696K, 0% used [0x00000000fbf80000,0x00000000fbf80000,0x00000000fdc80000)
 ParOldGen       total 158208K, used 137986K [0x00000000a0000000, 0x00000000a9a80000, 0x00000000e0000000)
  object space 158208K, 87% used [0x00000000a0000000,0x00000000a86c09c8,0x00000000a9a80000)
 Metaspace       used 82732K, capacity 87242K, committed 87512K, reserved 1126400K
  class space    used 10366K, capacity 11481K, committed 11520K, reserved 1048576K
Event: 518.932 GC heap after
Heap after GC invocations=35 (full 4):
 PSYoungGen      total 487936K, used 5464K [0x00000000e0000000, 0x00000000ffd80000, 0x0000000100000000)
  eden space 458240K, 0% used [0x00000000e0000000,0x00000000e0000000,0x00000000fbf80000)
  from space 29696K, 18% used [0x00000000fbf80000,0x00000000fc4d6090,0x00000000fdc80000)
  to   space 29184K, 0% used [0x00000000fe100000,0x00000000fe100000,0x00000000ffd80000)
 ParOldGen       total 158208K, used 141882K [0x00000000a0000000, 0x00000000a9a80000, 0x00000000e0000000)
  object space 158208K, 89% used [0x00000000a0000000,0x00000000a8a8e870,0x00000000a9a80000)
 Metaspace       used 82732K, capacity 87242K, committed 87512K, reserved 1126400K
  class space    used 10366K, capacity 11481K, committed 11520K, reserved 1048576K
}
Event: 521.152 GC heap before
{Heap before GC invocations=36 (full 4):
 PSYoungGen      total 487936K, used 463704K [0x00000000e0000000, 0x00000000ffd80000, 0x0000000100000000)
  eden space 458240K, 100% used [0x00000000e0000000,0x00000000fbf80000,0x00000000fbf80000)
  from space 29696K, 18% used [0x00000000fbf80000,0x00000000fc4d6090,0x00000000fdc80000)
  to   space 29184K, 0% used [0x00000000fe100000,0x00000000fe100000,0x00000000ffd80000)
 ParOldGen       total 158208K, used 141882K [0x00000000a0000000, 0x00000000a9a80000, 0x00000000e0000000)
  object space 158208K, 89% used [0x00000000a0000000,0x00000000a8a8e870,0x00000000a9a80000)
 Metaspace       used 82798K, capacity 87348K, committed 87512K, reserved 1126400K
  class space    used 10374K, capacity 11488K, committed 11520K, reserved 1048576K
Event: 521.193 GC heap after
Heap after GC invocations=36 (full 4):
 PSYoungGen      total 480768K, used 29171K [0x00000000e0000000, 0x0000000100000000, 0x0000000100000000)
  eden space 451584K, 0% used [0x00000000e0000000,0x00000000e0000000,0x00000000fb900000)
  from space 29184K, 99% used [0x00000000fe100000,0x00000000ffd7cfa0,0x00000000ffd80000)
  to   space 36352K, 0% used [0x00000000fb900000,0x00000000fb900000,0x00000000fdc80000)
 ParOldGen       total 158208K, used 148428K [0x00000000a0000000, 0x00000000a9a80000, 0x00000000e0000000)
  object space 158208K, 93% used [0x00000000a0000000,0x00000000a90f3108,0x00000000a9a80000)
 Metaspace       used 82798K, capacity 87348K, committed 87512K, reserved 1126400K
  class space    used 10374K, capacity 11488K, committed 11520K, reserved 1048576K
}
Event: 521.213 GC heap before
{Heap before GC invocations=37 (full 5):
 PSYoungGen      total 480768K, used 29171K [0x00000000e0000000, 0x0000000100000000, 0x0000000100000000)
  eden space 451584K, 0% used [0x00000000e0000000,0x00000000e0000000,0x00000000fb900000)
  from space 29184K, 99% used [0x00000000fe100000,0x00000000ffd7cfa0,0x00000000ffd80000)
  to   space 36352K, 0% used [0x00000000fb900000,0x00000000fb900000,0x00000000fdc80000)
 ParOldGen       total 158208K, used 148428K [0x00000000a0000000, 0x00000000a9a80000, 0x00000000e0000000)
  object space 158208K, 93% used [0x00000000a0000000,0x00000000a90f3108,0x00000000a9a80000)
 Metaspace       used 82798K, capacity 87348K, committed 87512K, reserved 1126400K
  class space    used 10374K, capacity 11488K, committed 11520K, reserved 1048576K

